{
    "/Users/ruichen/Documents/ITRI/4DMetaverse/4DMetaverse_Admin_SDK/src/app/index.ts": {
        "path": "/Users/ruichen/Documents/ITRI/4DMetaverse/4DMetaverse_Admin_SDK/src/app/index.ts",
        "statementMap": {
            "0": {
                "start": {
                    "line": 2,
                    "column": 0
                },
                "end": {
                    "line": 2,
                    "column": 62
                }
            },
            "1": {
                "start": {
                    "line": 3,
                    "column": 0
                },
                "end": {
                    "line": 3,
                    "column": 83
                }
            },
            "2": {
                "start": {
                    "line": 4,
                    "column": 14
                },
                "end": {
                    "line": 4,
                    "column": 30
                }
            },
            "3": {
                "start": {
                    "line": 5,
                    "column": 0
                },
                "end": {
                    "line": 5,
                    "column": 100
                }
            },
            "4": {
                "start": {
                    "line": 5,
                    "column": 77
                },
                "end": {
                    "line": 5,
                    "column": 94
                }
            },
            "5": {
                "start": {
                    "line": 6,
                    "column": 30
                },
                "end": {
                    "line": 6,
                    "column": 73
                }
            },
            "6": {
                "start": {
                    "line": 7,
                    "column": 10
                },
                "end": {
                    "line": 7,
                    "column": 19
                }
            },
            "7": {
                "start": {
                    "line": 8,
                    "column": 22
                },
                "end": {
                    "line": 11,
                    "column": 1
                }
            },
            "8": {
                "start": {
                    "line": 9,
                    "column": 4
                },
                "end": {
                    "line": 9,
                    "column": 32
                }
            },
            "9": {
                "start": {
                    "line": 10,
                    "column": 4
                },
                "end": {
                    "line": 10,
                    "column": 15
                }
            },
            "10": {
                "start": {
                    "line": 12,
                    "column": 0
                },
                "end": {
                    "line": 12,
                    "column": 38
                }
            },
            "11": {
                "start": {
                    "line": 13,
                    "column": 15
                },
                "end": {
                    "line": 17,
                    "column": 1
                }
            },
            "12": {
                "start": {
                    "line": 14,
                    "column": 4
                },
                "end": {
                    "line": 15,
                    "column": 71
                }
            },
            "13": {
                "start": {
                    "line": 15,
                    "column": 8
                },
                "end": {
                    "line": 15,
                    "column": 71
                }
            },
            "14": {
                "start": {
                    "line": 16,
                    "column": 4
                },
                "end": {
                    "line": 16,
                    "column": 15
                }
            },
            "15": {
                "start": {
                    "line": 18,
                    "column": 0
                },
                "end": {
                    "line": 18,
                    "column": 24
                }
            },
            "16": {
                "start": {
                    "line": 19,
                    "column": 21
                },
                "end": {
                    "line": 19,
                    "column": 46
                }
            },
            "17": {
                "start": {
                    "line": 20,
                    "column": 0
                },
                "end": {
                    "line": 20,
                    "column": 123
                }
            },
            "18": {
                "start": {
                    "line": 20,
                    "column": 84
                },
                "end": {
                    "line": 20,
                    "column": 117
                }
            }
        },
        "fnMap": {
            "0": {
                "name": "(anonymous_0)",
                "decl": {
                    "start": {
                        "line": 5,
                        "column": 63
                    },
                    "end": {
                        "line": 5,
                        "column": 64
                    }
                },
                "loc": {
                    "start": {
                        "line": 5,
                        "column": 75
                    },
                    "end": {
                        "line": 5,
                        "column": 96
                    }
                },
                "line": 5
            },
            "1": {
                "name": "(anonymous_1)",
                "decl": {
                    "start": {
                        "line": 8,
                        "column": 22
                    },
                    "end": {
                        "line": 8,
                        "column": 23
                    }
                },
                "loc": {
                    "start": {
                        "line": 8,
                        "column": 40
                    },
                    "end": {
                        "line": 11,
                        "column": 1
                    }
                },
                "line": 8
            },
            "2": {
                "name": "(anonymous_2)",
                "decl": {
                    "start": {
                        "line": 13,
                        "column": 15
                    },
                    "end": {
                        "line": 13,
                        "column": 16
                    }
                },
                "loc": {
                    "start": {
                        "line": 13,
                        "column": 21
                    },
                    "end": {
                        "line": 17,
                        "column": 1
                    }
                },
                "line": 13
            },
            "3": {
                "name": "(anonymous_3)",
                "decl": {
                    "start": {
                        "line": 20,
                        "column": 70
                    },
                    "end": {
                        "line": 20,
                        "column": 71
                    }
                },
                "loc": {
                    "start": {
                        "line": 20,
                        "column": 82
                    },
                    "end": {
                        "line": 20,
                        "column": 119
                    }
                },
                "line": 20
            }
        },
        "branchMap": {
            "0": {
                "loc": {
                    "start": {
                        "line": 14,
                        "column": 4
                    },
                    "end": {
                        "line": 15,
                        "column": 71
                    }
                },
                "type": "if",
                "locations": [
                    {
                        "start": {
                            "line": 14,
                            "column": 4
                        },
                        "end": {
                            "line": 15,
                            "column": 71
                        }
                    },
                    {
                        "start": {
                            "line": 14,
                            "column": 4
                        },
                        "end": {
                            "line": 15,
                            "column": 71
                        }
                    }
                ],
                "line": 14
            }
        },
        "s": {
            "0": 1,
            "1": 1,
            "2": 1,
            "3": 1,
            "4": 1,
            "5": 1,
            "6": 1,
            "7": 1,
            "8": 0,
            "9": 0,
            "10": 1,
            "11": 1,
            "12": 0,
            "13": 0,
            "14": 0,
            "15": 1,
            "16": 1,
            "17": 1,
            "18": 35
        },
        "f": {
            "0": 1,
            "1": 0,
            "2": 0,
            "3": 35
        },
        "b": {
            "0": [
                0,
                0
            ]
        },
        "inputSourceMap": {
            "version": 3,
            "file": "/Users/ruichen/Documents/ITRI/4DMetaverse/4DMetaverse_Admin_SDK/src/app/index.ts",
            "sources": [
                "/Users/ruichen/Documents/ITRI/4DMetaverse/4DMetaverse_Admin_SDK/src/app/index.ts"
            ],
            "names": [],
            "mappings": ";;;AAAA,+BAA4B;AAiBnB,oFAjBA,SAAG,OAiBA;AAfZ,0EAAiE;AAEjE,IAAI,GAAG,GAAoB,SAAS,CAAC;AAE9B,MAAM,aAAa,GAAG,KAAK,EAAE,MAAiB,EAAgB,EAAE;IACnE,GAAG,GAAG,IAAI,SAAG,CAAC,MAAM,CAAC,CAAA;IACrB,OAAO,GAAG,CAAA;AACd,CAAC,CAAA;AAHY,QAAA,aAAa,iBAGzB;AAEM,MAAM,MAAM,GAAG,GAAQ,EAAE;IAC5B,IAAI,GAAG,KAAK,SAAS;QAAE,MAAM,IAAI,6BAAiB,CAAC,qBAAqB,CAAC,CAAC;IAC1E,OAAO,GAAG,CAAA;AACd,CAAC,CAAA;AAHY,QAAA,MAAM,UAGlB;AAED,+CAAwD;AAAnC,0GAAA,UAAU,OAAA",
            "sourcesContent": [
                "import { App } from './app';\nimport { AppConfig } from './app-config';\nimport AdminSDKException from '../exception/admin-sdk-exception';\n\nlet app: App | undefined = undefined;\n\nexport const initializeApp = async (config: AppConfig): Promise<App> => {\n    app = new App(config)\n    return app\n}\n\nexport const getApp = (): App => {\n    if (app === undefined) throw new AdminSDKException('No initialized app.');\n    return app\n}\n\nexport { ApiSetting, EAuthLevel } from './api-settings';\nexport { App, AppConfig };"
            ]
        },
        "_coverageSchema": "1a1c01bbd47fc00a2c39e90264f33305004495a9",
        "hash": "6f32ad9d053613325b733a936fd6687c45578f05",
        "contentHash": "8eddbba1761e6978d0465d3aabc2caf4282bfb066d3d25d481f6a01fd63675fa"
    },
    "/Users/ruichen/Documents/ITRI/4DMetaverse/4DMetaverse_Admin_SDK/src/app/app.ts": {
        "path": "/Users/ruichen/Documents/ITRI/4DMetaverse/4DMetaverse_Admin_SDK/src/app/app.ts",
        "statementMap": {
            "0": {
                "start": {
                    "line": 2,
                    "column": 0
                },
                "end": {
                    "line": 2,
                    "column": 62
                }
            },
            "1": {
                "start": {
                    "line": 3,
                    "column": 0
                },
                "end": {
                    "line": 3,
                    "column": 21
                }
            },
            "2": {
                "start": {
                    "line": 4,
                    "column": 23
                },
                "end": {
                    "line": 4,
                    "column": 48
                }
            },
            "3": {
                "start": {
                    "line": 5,
                    "column": 22
                },
                "end": {
                    "line": 5,
                    "column": 53
                }
            },
            "4": {
                "start": {
                    "line": 6,
                    "column": 30
                },
                "end": {
                    "line": 6,
                    "column": 73
                }
            },
            "5": {
                "start": {
                    "line": 9,
                    "column": 8
                },
                "end": {
                    "line": 9,
                    "column": 28
                }
            },
            "6": {
                "start": {
                    "line": 10,
                    "column": 8
                },
                "end": {
                    "line": 10,
                    "column": 34
                }
            },
            "7": {
                "start": {
                    "line": 11,
                    "column": 8
                },
                "end": {
                    "line": 11,
                    "column": 30
                }
            },
            "8": {
                "start": {
                    "line": 14,
                    "column": 8
                },
                "end": {
                    "line": 15,
                    "column": 40
                }
            },
            "9": {
                "start": {
                    "line": 15,
                    "column": 12
                },
                "end": {
                    "line": 15,
                    "column": 40
                }
            },
            "10": {
                "start": {
                    "line": 16,
                    "column": 24
                },
                "end": {
                    "line": 16,
                    "column": 34
                }
            },
            "11": {
                "start": {
                    "line": 17,
                    "column": 8
                },
                "end": {
                    "line": 17,
                    "column": 39
                }
            },
            "12": {
                "start": {
                    "line": 18,
                    "column": 8
                },
                "end": {
                    "line": 18,
                    "column": 23
                }
            },
            "13": {
                "start": {
                    "line": 21,
                    "column": 18
                },
                "end": {
                    "line": 21,
                    "column": 72
                }
            },
            "14": {
                "start": {
                    "line": 22,
                    "column": 8
                },
                "end": {
                    "line": 22,
                    "column": 71
                }
            },
            "15": {
                "start": {
                    "line": 23,
                    "column": 20
                },
                "end": {
                    "line": 28,
                    "column": 9
                }
            },
            "16": {
                "start": {
                    "line": 29,
                    "column": 8
                },
                "end": {
                    "line": 31,
                    "column": 9
                }
            },
            "17": {
                "start": {
                    "line": 30,
                    "column": 12
                },
                "end": {
                    "line": 30,
                    "column": 60
                }
            },
            "18": {
                "start": {
                    "line": 32,
                    "column": 8
                },
                "end": {
                    "line": 32,
                    "column": 76
                }
            },
            "19": {
                "start": {
                    "line": 33,
                    "column": 8
                },
                "end": {
                    "line": 33,
                    "column": 50
                }
            },
            "20": {
                "start": {
                    "line": 36,
                    "column": 8
                },
                "end": {
                    "line": 36,
                    "column": 44
                }
            },
            "21": {
                "start": {
                    "line": 39,
                    "column": 8
                },
                "end": {
                    "line": 41,
                    "column": 11
                }
            },
            "22": {
                "start": {
                    "line": 40,
                    "column": 12
                },
                "end": {
                    "line": 40,
                    "column": 23
                }
            },
            "23": {
                "start": {
                    "line": 44,
                    "column": 21
                },
                "end": {
                    "line": 44,
                    "column": 43
                }
            },
            "24": {
                "start": {
                    "line": 45,
                    "column": 20
                },
                "end": {
                    "line": 45,
                    "column": 59
                }
            },
            "25": {
                "start": {
                    "line": 46,
                    "column": 8
                },
                "end": {
                    "line": 69,
                    "column": 9
                }
            },
            "26": {
                "start": {
                    "line": 48,
                    "column": 16
                },
                "end": {
                    "line": 48,
                    "column": 23
                }
            },
            "27": {
                "start": {
                    "line": 50,
                    "column": 16
                },
                "end": {
                    "line": 51,
                    "column": 27
                }
            },
            "28": {
                "start": {
                    "line": 51,
                    "column": 20
                },
                "end": {
                    "line": 51,
                    "column": 27
                }
            },
            "29": {
                "start": {
                    "line": 52,
                    "column": 16
                },
                "end": {
                    "line": 60,
                    "column": 17
                }
            },
            "30": {
                "start": {
                    "line": 53,
                    "column": 20
                },
                "end": {
                    "line": 55,
                    "column": 21
                }
            },
            "31": {
                "start": {
                    "line": 54,
                    "column": 24
                },
                "end": {
                    "line": 54,
                    "column": 53
                }
            },
            "32": {
                "start": {
                    "line": 56,
                    "column": 20
                },
                "end": {
                    "line": 56,
                    "column": 79
                }
            },
            "33": {
                "start": {
                    "line": 59,
                    "column": 20
                },
                "end": {
                    "line": 59,
                    "column": 27
                }
            },
            "34": {
                "start": {
                    "line": 62,
                    "column": 16
                },
                "end": {
                    "line": 63,
                    "column": 80
                }
            },
            "35": {
                "start": {
                    "line": 63,
                    "column": 20
                },
                "end": {
                    "line": 63,
                    "column": 80
                }
            },
            "36": {
                "start": {
                    "line": 64,
                    "column": 16
                },
                "end": {
                    "line": 66,
                    "column": 17
                }
            },
            "37": {
                "start": {
                    "line": 65,
                    "column": 20
                },
                "end": {
                    "line": 65,
                    "column": 49
                }
            },
            "38": {
                "start": {
                    "line": 67,
                    "column": 16
                },
                "end": {
                    "line": 67,
                    "column": 75
                }
            },
            "39": {
                "start": {
                    "line": 68,
                    "column": 16
                },
                "end": {
                    "line": 68,
                    "column": 23
                }
            },
            "40": {
                "start": {
                    "line": 72,
                    "column": 0
                },
                "end": {
                    "line": 72,
                    "column": 18
                }
            }
        },
        "fnMap": {
            "0": {
                "name": "(anonymous_0)",
                "decl": {
                    "start": {
                        "line": 8,
                        "column": 4
                    },
                    "end": {
                        "line": 8,
                        "column": 5
                    }
                },
                "loc": {
                    "start": {
                        "line": 8,
                        "column": 24
                    },
                    "end": {
                        "line": 12,
                        "column": 5
                    }
                },
                "line": 8
            },
            "1": {
                "name": "(anonymous_1)",
                "decl": {
                    "start": {
                        "line": 13,
                        "column": 4
                    },
                    "end": {
                        "line": 13,
                        "column": 5
                    }
                },
                "loc": {
                    "start": {
                        "line": 13,
                        "column": 32
                    },
                    "end": {
                        "line": 19,
                        "column": 5
                    }
                },
                "line": 13
            },
            "2": {
                "name": "(anonymous_2)",
                "decl": {
                    "start": {
                        "line": 20,
                        "column": 4
                    },
                    "end": {
                        "line": 20,
                        "column": 5
                    }
                },
                "loc": {
                    "start": {
                        "line": 20,
                        "column": 27
                    },
                    "end": {
                        "line": 34,
                        "column": 5
                    }
                },
                "line": 20
            },
            "3": {
                "name": "(anonymous_3)",
                "decl": {
                    "start": {
                        "line": 35,
                        "column": 4
                    },
                    "end": {
                        "line": 35,
                        "column": 5
                    }
                },
                "loc": {
                    "start": {
                        "line": 35,
                        "column": 35
                    },
                    "end": {
                        "line": 37,
                        "column": 5
                    }
                },
                "line": 35
            },
            "4": {
                "name": "(anonymous_4)",
                "decl": {
                    "start": {
                        "line": 38,
                        "column": 4
                    },
                    "end": {
                        "line": 38,
                        "column": 5
                    }
                },
                "loc": {
                    "start": {
                        "line": 38,
                        "column": 15
                    },
                    "end": {
                        "line": 42,
                        "column": 5
                    }
                },
                "line": 38
            },
            "5": {
                "name": "(anonymous_5)",
                "decl": {
                    "start": {
                        "line": 39,
                        "column": 37
                    },
                    "end": {
                        "line": 39,
                        "column": 38
                    }
                },
                "loc": {
                    "start": {
                        "line": 39,
                        "column": 51
                    },
                    "end": {
                        "line": 41,
                        "column": 9
                    }
                },
                "line": 39
            },
            "6": {
                "name": "(anonymous_6)",
                "decl": {
                    "start": {
                        "line": 43,
                        "column": 4
                    },
                    "end": {
                        "line": 43,
                        "column": 5
                    }
                },
                "loc": {
                    "start": {
                        "line": 43,
                        "column": 32
                    },
                    "end": {
                        "line": 70,
                        "column": 5
                    }
                },
                "line": 43
            }
        },
        "branchMap": {
            "0": {
                "loc": {
                    "start": {
                        "line": 14,
                        "column": 8
                    },
                    "end": {
                        "line": 15,
                        "column": 40
                    }
                },
                "type": "if",
                "locations": [
                    {
                        "start": {
                            "line": 14,
                            "column": 8
                        },
                        "end": {
                            "line": 15,
                            "column": 40
                        }
                    },
                    {
                        "start": {
                            "line": 14,
                            "column": 8
                        },
                        "end": {
                            "line": 15,
                            "column": 40
                        }
                    }
                ],
                "line": 14
            },
            "1": {
                "loc": {
                    "start": {
                        "line": 29,
                        "column": 8
                    },
                    "end": {
                        "line": 31,
                        "column": 9
                    }
                },
                "type": "if",
                "locations": [
                    {
                        "start": {
                            "line": 29,
                            "column": 8
                        },
                        "end": {
                            "line": 31,
                            "column": 9
                        }
                    },
                    {
                        "start": {
                            "line": 29,
                            "column": 8
                        },
                        "end": {
                            "line": 31,
                            "column": 9
                        }
                    }
                ],
                "line": 29
            },
            "2": {
                "loc": {
                    "start": {
                        "line": 29,
                        "column": 12
                    },
                    "end": {
                        "line": 29,
                        "column": 63
                    }
                },
                "type": "binary-expr",
                "locations": [
                    {
                        "start": {
                            "line": 29,
                            "column": 12
                        },
                        "end": {
                            "line": 29,
                            "column": 38
                        }
                    },
                    {
                        "start": {
                            "line": 29,
                            "column": 42
                        },
                        "end": {
                            "line": 29,
                            "column": 63
                        }
                    }
                ],
                "line": 29
            },
            "3": {
                "loc": {
                    "start": {
                        "line": 32,
                        "column": 28
                    },
                    "end": {
                        "line": 32,
                        "column": 74
                    }
                },
                "type": "binary-expr",
                "locations": [
                    {
                        "start": {
                            "line": 32,
                            "column": 28
                        },
                        "end": {
                            "line": 32,
                            "column": 40
                        }
                    },
                    {
                        "start": {
                            "line": 32,
                            "column": 44
                        },
                        "end": {
                            "line": 32,
                            "column": 74
                        }
                    }
                ],
                "line": 32
            },
            "4": {
                "loc": {
                    "start": {
                        "line": 46,
                        "column": 8
                    },
                    "end": {
                        "line": 69,
                        "column": 9
                    }
                },
                "type": "switch",
                "locations": [
                    {
                        "start": {
                            "line": 47,
                            "column": 12
                        },
                        "end": {
                            "line": 48,
                            "column": 23
                        }
                    },
                    {
                        "start": {
                            "line": 49,
                            "column": 12
                        },
                        "end": {
                            "line": 60,
                            "column": 17
                        }
                    },
                    {
                        "start": {
                            "line": 61,
                            "column": 12
                        },
                        "end": {
                            "line": 68,
                            "column": 23
                        }
                    }
                ],
                "line": 46
            },
            "5": {
                "loc": {
                    "start": {
                        "line": 50,
                        "column": 16
                    },
                    "end": {
                        "line": 51,
                        "column": 27
                    }
                },
                "type": "if",
                "locations": [
                    {
                        "start": {
                            "line": 50,
                            "column": 16
                        },
                        "end": {
                            "line": 51,
                            "column": 27
                        }
                    },
                    {
                        "start": {
                            "line": 50,
                            "column": 16
                        },
                        "end": {
                            "line": 51,
                            "column": 27
                        }
                    }
                ],
                "line": 50
            },
            "6": {
                "loc": {
                    "start": {
                        "line": 50,
                        "column": 20
                    },
                    "end": {
                        "line": 50,
                        "column": 76
                    }
                },
                "type": "binary-expr",
                "locations": [
                    {
                        "start": {
                            "line": 50,
                            "column": 20
                        },
                        "end": {
                            "line": 50,
                            "column": 38
                        }
                    },
                    {
                        "start": {
                            "line": 50,
                            "column": 42
                        },
                        "end": {
                            "line": 50,
                            "column": 76
                        }
                    }
                ],
                "line": 50
            },
            "7": {
                "loc": {
                    "start": {
                        "line": 53,
                        "column": 20
                    },
                    "end": {
                        "line": 55,
                        "column": 21
                    }
                },
                "type": "if",
                "locations": [
                    {
                        "start": {
                            "line": 53,
                            "column": 20
                        },
                        "end": {
                            "line": 55,
                            "column": 21
                        }
                    },
                    {
                        "start": {
                            "line": 53,
                            "column": 20
                        },
                        "end": {
                            "line": 55,
                            "column": 21
                        }
                    }
                ],
                "line": 53
            },
            "8": {
                "loc": {
                    "start": {
                        "line": 62,
                        "column": 16
                    },
                    "end": {
                        "line": 63,
                        "column": 80
                    }
                },
                "type": "if",
                "locations": [
                    {
                        "start": {
                            "line": 62,
                            "column": 16
                        },
                        "end": {
                            "line": 63,
                            "column": 80
                        }
                    },
                    {
                        "start": {
                            "line": 62,
                            "column": 16
                        },
                        "end": {
                            "line": 63,
                            "column": 80
                        }
                    }
                ],
                "line": 62
            },
            "9": {
                "loc": {
                    "start": {
                        "line": 62,
                        "column": 20
                    },
                    "end": {
                        "line": 62,
                        "column": 76
                    }
                },
                "type": "binary-expr",
                "locations": [
                    {
                        "start": {
                            "line": 62,
                            "column": 20
                        },
                        "end": {
                            "line": 62,
                            "column": 38
                        }
                    },
                    {
                        "start": {
                            "line": 62,
                            "column": 42
                        },
                        "end": {
                            "line": 62,
                            "column": 76
                        }
                    }
                ],
                "line": 62
            },
            "10": {
                "loc": {
                    "start": {
                        "line": 64,
                        "column": 16
                    },
                    "end": {
                        "line": 66,
                        "column": 17
                    }
                },
                "type": "if",
                "locations": [
                    {
                        "start": {
                            "line": 64,
                            "column": 16
                        },
                        "end": {
                            "line": 66,
                            "column": 17
                        }
                    },
                    {
                        "start": {
                            "line": 64,
                            "column": 16
                        },
                        "end": {
                            "line": 66,
                            "column": 17
                        }
                    }
                ],
                "line": 64
            }
        },
        "s": {
            "0": 1,
            "1": 1,
            "2": 1,
            "3": 1,
            "4": 1,
            "5": 0,
            "6": 0,
            "7": 0,
            "8": 0,
            "9": 0,
            "10": 0,
            "11": 0,
            "12": 0,
            "13": 0,
            "14": 0,
            "15": 0,
            "16": 0,
            "17": 0,
            "18": 0,
            "19": 0,
            "20": 0,
            "21": 0,
            "22": 0,
            "23": 0,
            "24": 0,
            "25": 0,
            "26": 0,
            "27": 0,
            "28": 0,
            "29": 0,
            "30": 0,
            "31": 0,
            "32": 0,
            "33": 0,
            "34": 0,
            "35": 0,
            "36": 0,
            "37": 0,
            "38": 0,
            "39": 0,
            "40": 1
        },
        "f": {
            "0": 0,
            "1": 0,
            "2": 0,
            "3": 0,
            "4": 0,
            "5": 0,
            "6": 0
        },
        "b": {
            "0": [
                0,
                0
            ],
            "1": [
                0,
                0
            ],
            "2": [
                0,
                0
            ],
            "3": [
                0,
                0
            ],
            "4": [
                0,
                0,
                0
            ],
            "5": [
                0,
                0
            ],
            "6": [
                0,
                0
            ],
            "7": [
                0,
                0
            ],
            "8": [
                0,
                0
            ],
            "9": [
                0,
                0
            ],
            "10": [
                0,
                0
            ]
        },
        "inputSourceMap": {
            "version": 3,
            "file": "/Users/ruichen/Documents/ITRI/4DMetaverse/4DMetaverse_Admin_SDK/src/app/app.ts",
            "sources": [
                "/Users/ruichen/Documents/ITRI/4DMetaverse/4DMetaverse_Admin_SDK/src/app/app.ts"
            ],
            "names": [],
            "mappings": ";;;AAEA,iDAAwD;AACxD,sDAA8D;AAC9D,0EAAiE;AAEjE,MAAa,GAAG;IAKZ,YAAY,MAAiB;QAHrB,cAAS,GAA+B,EAAE,CAAC;QAC3C,oBAAe,GAAsB,EAAE,CAAC;QAG5C,IAAI,CAAC,OAAO,GAAG,MAAM,CAAA;IACzB,CAAC;IAEM,eAAe,CAAI,IAAY,EAAE,IAAqB;QACzD,IAAI,IAAI,IAAI,IAAI,CAAC,SAAS;YAAE,OAAO,IAAI,CAAC,SAAS,CAAC,IAAI,CAAM,CAAC;QAC7D,MAAM,OAAO,GAAG,IAAI,CAAC,IAAI,CAAC,CAAC;QAC3B,IAAI,CAAC,SAAS,CAAC,IAAI,CAAC,GAAG,OAAO,CAAC;QAC/B,OAAO,OAAO,CAAC;IACnB,CAAC;IAEM,KAAK,CAAC,OAAO,CAAC,OAAmB;QACpC,IAAI,GAAG,GAAG,OAAO,CAAC,GAAG,CAAC,OAAO,CAAC,WAAW,EAAE,IAAI,CAAC,OAAO,CAAC,OAAO,CAAC,CAAC;QACjE,GAAG,GAAG,GAAG,CAAC,OAAO,CAAC,gBAAgB,EAAE,IAAI,CAAC,OAAO,CAAC,YAAY,CAAC,CAAC;QAC/D,MAAM,GAAG,GAAe;YACpB,GAAG,EAAE,GAAG;YACR,MAAM,EAAE,OAAO,CAAC,MAAM;YACtB,MAAM,EAAE,EAAE,GAAG,OAAO,CAAC,MAAM,EAAE;YAC7B,IAAI,EAAE,OAAO,CAAC,IAAI;SACrB,CAAA;QACD,IAAI,OAAO,CAAC,IAAI,KAAK,SAAS,IAAI,OAAO,CAAC,IAAI,KAAK,IAAI,EAAE;YACrD,GAAG,CAAC,MAAO,CAAC,cAAc,CAAC,GAAG,kBAAkB,CAAC;SACpD;QACD,IAAI,CAAC,SAAS,CAAC,GAAG,EAAE,OAAO,CAAC,IAAI,IAAI,yBAAU,CAAC,IAAI,CAAC,CAAC;QACrD,OAAO,IAAA,wBAAU,EAAC,GAAG,CAAC,CAAC;IAC3B,CAAC;IAEM,oBAAoB,CAAC,QAAoB;QAC5C,IAAI,CAAC,eAAe,CAAC,IAAI,CAAC,QAAQ,CAAC,CAAC;IACxC,CAAC;IAEM,QAAQ;QACX,IAAI,CAAC,eAAe,CAAC,OAAO,CAAC,CAAC,QAAQ,EAAE,EAAE;YACtC,QAAQ,EAAE,CAAC;QACf,CAAC,CAAC,CAAC;IACP,CAAC;IAEO,KAAK,CAAC,SAAS,CAAC,GAAe,EAAE,KAAiB;QACtD,MAAM,IAAI,GAAG,IAAI,CAAC,SAAS,CAAC,MAAM,CAAqB,CAAC;QACxD,MAAM,GAAG,GAAG,IAAI,CAAC,KAAK,CAAC,IAAI,IAAI,EAAE,CAAC,OAAO,EAAE,GAAG,IAAI,CAAC,CAAC;QACpD,QAAQ,KAAK,EAAE;YACX,KAAK,yBAAU,CAAC,IAAI;gBAChB,OAAO;YACX,KAAK,yBAAU,CAAC,QAAQ;gBACpB,IAAI,IAAI,KAAK,SAAS,IAAI,IAAI,CAAC,eAAe,KAAK,SAAS;oBAAE,OAAO;gBACrE,IAAI;oBACA,IAAI,GAAG,GAAG,CAAC,IAAI,CAAC,eAAe,CAAC,GAAG,GAAG,EAAE,CAAC,EAAE;wBACvC,MAAM,IAAI,CAAC,eAAe,EAAE,CAAC;qBAChC;oBACD,GAAG,CAAC,MAAO,CAAC,eAAe,CAAC,GAAG,SAAS,GAAG,IAAI,CAAC,WAAW,CAAC;iBAC/D;wBAAS;oBACN,OAAO;iBACV;YACL,KAAK,yBAAU,CAAC,OAAO;gBACnB,IAAI,IAAI,KAAK,SAAS,IAAI,IAAI,CAAC,eAAe,KAAK,SAAS;oBAAE,MAAM,IAAI,6BAAiB,CAAC,kBAAkB,CAAC,CAAC;gBAC9G,IAAI,GAAG,GAAG,CAAC,IAAI,CAAC,eAAe,CAAC,GAAG,GAAG,EAAE,CAAC,EAAE;oBACvC,MAAM,IAAI,CAAC,eAAe,EAAE,CAAC;iBAChC;gBACD,GAAG,CAAC,MAAO,CAAC,eAAe,CAAC,GAAG,SAAS,GAAG,IAAI,CAAC,WAAW,CAAC;gBAC5D,OAAO;SACd;IACL,CAAC;CACJ;AAnED,kBAmEC",
            "sourcesContent": [
                "import { Auth } from '../auth';\nimport { AppConfig } from './app-config';\nimport { ApiSetting, EAuthLevel } from './api-settings';\nimport { ApiRequest, resolveApi } from '../utils/api-handler';\nimport AdminSDKException from '../exception/admin-sdk-exception';\n\nexport class App {\n    private readonly _config: AppConfig;\n    private _services: { [key: string]: unknown } = {};\n    private _tokenListeners: Array<() => void> = [];\n\n    constructor(config: AppConfig) {\n        this._config = config\n    }\n\n    public getOrInitialize<T>(name: string, init: (app: App) => T): T {\n        if (name in this._services) return this._services[name] as T;\n        const service = init(this);\n        this._services[name] = service;\n        return service;\n    }\n\n    public async callApi(setting: ApiSetting): Promise<Response> {\n        let url = setting.url.replace('{baseUrl}', this._config.baseUrl);\n        url = url.replace('{storage}', this._config.storage);\n        const req: ApiRequest = {\n            url: url,\n            method: setting.method,\n            header: { ...setting.header },\n            body: setting.body\n        }\n        if (setting.json !== undefined && setting.json === true) {\n            req.header!['Content-Type'] = 'application/json';\n        }\n        this._loadAuth(req, setting.auth ?? EAuthLevel.None);\n        return resolveApi(req);\n    }\n\n    public addAuthTokenListener(listener: () => void): void {\n        this._tokenListeners.push(listener);\n    }\n\n    public authLost(): void {\n        this._tokenListeners.forEach((listener) => {\n            listener();\n        });\n    }\n\n    private async _loadAuth(req: ApiRequest, level: EAuthLevel): Promise<void> {\n        const auth = this._services['auth'] as Auth | undefined;\n        const now = Math.floor(new Date().getTime() / 1000);\n        switch (level) {\n            case EAuthLevel.None:\n                return;\n            case EAuthLevel.Optional:\n                if (auth === undefined || auth.accessTokenData === undefined) return;\n                try {\n                    if (now > (auth.accessTokenData.exp - 15)) {\n                        await auth.refreshingToken();\n                    }\n                    req.header!['Authorization'] = 'Bearer ' + auth.accessToken;\n                } finally {\n                    return;\n                }\n            case EAuthLevel.Require:\n                if (auth === undefined || auth.accessTokenData === undefined) throw new AdminSDKException('No authorization');\n                if (now > (auth.accessTokenData.exp - 15)) {\n                    await auth.refreshingToken();\n                }\n                req.header!['Authorization'] = 'Bearer ' + auth.accessToken;\n                return;\n        }\n    }\n}"
            ]
        },
        "_coverageSchema": "1a1c01bbd47fc00a2c39e90264f33305004495a9",
        "hash": "f30e8b919eb8441e0c71ef522a32625f63405a27",
        "contentHash": "0df2019b5151db343d030c7abed398c213c20f4117f33a5021dff81190da2640"
    },
    "/Users/ruichen/Documents/ITRI/4DMetaverse/4DMetaverse_Admin_SDK/src/app/api-settings.ts": {
        "path": "/Users/ruichen/Documents/ITRI/4DMetaverse/4DMetaverse_Admin_SDK/src/app/api-settings.ts",
        "statementMap": {
            "0": {
                "start": {
                    "line": 2,
                    "column": 0
                },
                "end": {
                    "line": 2,
                    "column": 62
                }
            },
            "1": {
                "start": {
                    "line": 3,
                    "column": 0
                },
                "end": {
                    "line": 3,
                    "column": 28
                }
            },
            "2": {
                "start": {
                    "line": 5,
                    "column": 0
                },
                "end": {
                    "line": 9,
                    "column": 36
                }
            },
            "3": {
                "start": {
                    "line": 6,
                    "column": 4
                },
                "end": {
                    "line": 6,
                    "column": 48
                }
            },
            "4": {
                "start": {
                    "line": 7,
                    "column": 4
                },
                "end": {
                    "line": 7,
                    "column": 56
                }
            },
            "5": {
                "start": {
                    "line": 8,
                    "column": 4
                },
                "end": {
                    "line": 8,
                    "column": 54
                }
            },
            "6": {
                "start": {
                    "line": 10,
                    "column": 0
                },
                "end": {
                    "line": 10,
                    "column": 32
                }
            }
        },
        "fnMap": {
            "0": {
                "name": "(anonymous_0)",
                "decl": {
                    "start": {
                        "line": 5,
                        "column": 1
                    },
                    "end": {
                        "line": 5,
                        "column": 2
                    }
                },
                "loc": {
                    "start": {
                        "line": 5,
                        "column": 23
                    },
                    "end": {
                        "line": 9,
                        "column": 1
                    }
                },
                "line": 5
            }
        },
        "branchMap": {
            "0": {
                "loc": {
                    "start": {
                        "line": 9,
                        "column": 3
                    },
                    "end": {
                        "line": 9,
                        "column": 34
                    }
                },
                "type": "binary-expr",
                "locations": [
                    {
                        "start": {
                            "line": 9,
                            "column": 3
                        },
                        "end": {
                            "line": 9,
                            "column": 13
                        }
                    },
                    {
                        "start": {
                            "line": 9,
                            "column": 18
                        },
                        "end": {
                            "line": 9,
                            "column": 33
                        }
                    }
                ],
                "line": 9
            }
        },
        "s": {
            "0": 1,
            "1": 1,
            "2": 1,
            "3": 1,
            "4": 1,
            "5": 1,
            "6": 1
        },
        "f": {
            "0": 1
        },
        "b": {
            "0": [
                1,
                1
            ]
        },
        "inputSourceMap": {
            "version": 3,
            "file": "/Users/ruichen/Documents/ITRI/4DMetaverse/4DMetaverse_Admin_SDK/src/app/api-settings.ts",
            "sources": [
                "/Users/ruichen/Documents/ITRI/4DMetaverse/4DMetaverse_Admin_SDK/src/app/api-settings.ts"
            ],
            "names": [],
            "mappings": ";;;AAAA,IAAK,UAIJ;AAJD,WAAK,UAAU;IACX,2CAAI,CAAA;IACJ,mDAAQ,CAAA;IACR,iDAAO,CAAA;AACX,CAAC,EAJI,UAAU,KAAV,UAAU,QAId;AAEQ,gCAAU",
            "sourcesContent": [
                "enum EAuthLevel {\n    None,\n    Optional,\n    Require\n}\n\nexport { EAuthLevel };\nexport interface ApiSetting {\n    url: string;\n    method: 'GET' | 'POST' | 'PUT' | 'DELETE';\n    header?: { [key: string]: any };\n    body?: string | FormData;\n    auth?: EAuthLevel;\n    json?: boolean;\n}"
            ]
        },
        "_coverageSchema": "1a1c01bbd47fc00a2c39e90264f33305004495a9",
        "hash": "9d81102a30b2933a611114174efdeedd3c5d6dee",
        "contentHash": "f0eeadb526ee01ea5da8509a7d8f355abaa6a28f30b8b55fe1181c2799d74e7e"
    },
    "/Users/ruichen/Documents/ITRI/4DMetaverse/4DMetaverse_Admin_SDK/src/utils/api-handler.ts": {
        "path": "/Users/ruichen/Documents/ITRI/4DMetaverse/4DMetaverse_Admin_SDK/src/utils/api-handler.ts",
        "statementMap": {
            "0": {
                "start": {
                    "line": 2,
                    "column": 0
                },
                "end": {
                    "line": 2,
                    "column": 62
                }
            },
            "1": {
                "start": {
                    "line": 3,
                    "column": 0
                },
                "end": {
                    "line": 3,
                    "column": 28
                }
            },
            "2": {
                "start": {
                    "line": 4,
                    "column": 19
                },
                "end": {
                    "line": 10,
                    "column": 1
                }
            },
            "3": {
                "start": {
                    "line": 5,
                    "column": 4
                },
                "end": {
                    "line": 9,
                    "column": 7
                }
            },
            "4": {
                "start": {
                    "line": 11,
                    "column": 0
                },
                "end": {
                    "line": 11,
                    "column": 32
                }
            }
        },
        "fnMap": {
            "0": {
                "name": "(anonymous_0)",
                "decl": {
                    "start": {
                        "line": 4,
                        "column": 19
                    },
                    "end": {
                        "line": 4,
                        "column": 20
                    }
                },
                "loc": {
                    "start": {
                        "line": 4,
                        "column": 38
                    },
                    "end": {
                        "line": 10,
                        "column": 1
                    }
                },
                "line": 4
            }
        },
        "branchMap": {},
        "s": {
            "0": 1,
            "1": 1,
            "2": 1,
            "3": 0,
            "4": 1
        },
        "f": {
            "0": 0
        },
        "b": {},
        "inputSourceMap": {
            "version": 3,
            "file": "/Users/ruichen/Documents/ITRI/4DMetaverse/4DMetaverse_Admin_SDK/src/utils/api-handler.ts",
            "sources": [
                "/Users/ruichen/Documents/ITRI/4DMetaverse/4DMetaverse_Admin_SDK/src/utils/api-handler.ts"
            ],
            "names": [],
            "mappings": ";;;AAOO,MAAM,UAAU,GAAG,KAAK,EAAE,OAAmB,EAAqB,EAAE;IACvE,OAAO,KAAK,CAAC,OAAO,CAAC,GAAG,EAAE;QACtB,MAAM,EAAE,OAAO,CAAC,MAAM;QACtB,OAAO,EAAE,OAAO,CAAC,MAAM;QACvB,IAAI,EAAE,OAAO,CAAC,IAAI;KACrB,CAAC,CAAC;AACP,CAAC,CAAA;AANY,QAAA,UAAU,cAMtB",
            "sourcesContent": [
                "export interface ApiRequest {\n    url: string;\n    method: 'GET' | 'POST' | 'PUT' | 'DELETE';\n    header?: { [key: string]: any };\n    body?: string | FormData;\n}\n\nexport const resolveApi = async (request: ApiRequest): Promise<Response> => {\n    return fetch(request.url, {\n        method: request.method,\n        headers: request.header,\n        body: request.body,\n    });\n}"
            ]
        },
        "_coverageSchema": "1a1c01bbd47fc00a2c39e90264f33305004495a9",
        "hash": "d027b217c097fceadfe15e8bca38bb10fc9402bc",
        "contentHash": "e99b9fcd512673a4fb871093ac36e62f47a6640bae89917800d823198ff3a5a5"
    },
    "/Users/ruichen/Documents/ITRI/4DMetaverse/4DMetaverse_Admin_SDK/src/exception/admin-sdk-exception.ts": {
        "path": "/Users/ruichen/Documents/ITRI/4DMetaverse/4DMetaverse_Admin_SDK/src/exception/admin-sdk-exception.ts",
        "statementMap": {
            "0": {
                "start": {
                    "line": 2,
                    "column": 0
                },
                "end": {
                    "line": 2,
                    "column": 62
                }
            },
            "1": {
                "start": {
                    "line": 5,
                    "column": 8
                },
                "end": {
                    "line": 5,
                    "column": 23
                }
            },
            "2": {
                "start": {
                    "line": 6,
                    "column": 8
                },
                "end": {
                    "line": 6,
                    "column": 31
                }
            },
            "3": {
                "start": {
                    "line": 9,
                    "column": 0
                },
                "end": {
                    "line": 9,
                    "column": 36
                }
            }
        },
        "fnMap": {
            "0": {
                "name": "(anonymous_0)",
                "decl": {
                    "start": {
                        "line": 4,
                        "column": 4
                    },
                    "end": {
                        "line": 4,
                        "column": 5
                    }
                },
                "loc": {
                    "start": {
                        "line": 4,
                        "column": 30
                    },
                    "end": {
                        "line": 7,
                        "column": 5
                    }
                },
                "line": 4
            }
        },
        "branchMap": {
            "0": {
                "loc": {
                    "start": {
                        "line": 4,
                        "column": 16
                    },
                    "end": {
                        "line": 4,
                        "column": 28
                    }
                },
                "type": "default-arg",
                "locations": [
                    {
                        "start": {
                            "line": 4,
                            "column": 26
                        },
                        "end": {
                            "line": 4,
                            "column": 28
                        }
                    }
                ],
                "line": 4
            }
        },
        "s": {
            "0": 1,
            "1": 14,
            "2": 14,
            "3": 1
        },
        "f": {
            "0": 14
        },
        "b": {
            "0": [
                0
            ]
        },
        "inputSourceMap": {
            "version": 3,
            "file": "/Users/ruichen/Documents/ITRI/4DMetaverse/4DMetaverse_Admin_SDK/src/exception/admin-sdk-exception.ts",
            "sources": [
                "/Users/ruichen/Documents/ITRI/4DMetaverse/4DMetaverse_Admin_SDK/src/exception/admin-sdk-exception.ts"
            ],
            "names": [],
            "mappings": ";;AAAA,MAAqB,iBAAkB,SAAQ,KAAK;IAGhD,YAAY,UAAkB,EAAE;QAC5B,KAAK,CAAC,OAAO,CAAC,CAAC;QACf,IAAI,CAAC,OAAO,GAAG,OAAO,CAAC;IAC3B,CAAC;CACJ;AAPD,oCAOC",
            "sourcesContent": [
                "export default class AdminSDKException extends Error {\n    public readonly message: string;\n\n    constructor(message: string = '') {\n        super(message);\n        this.message = message;\n    }\n}"
            ]
        },
        "_coverageSchema": "1a1c01bbd47fc00a2c39e90264f33305004495a9",
        "hash": "d7a0ebdfe51aeca552d1d9770e7f5380525ea9a0",
        "contentHash": "2fd4ed9c69f0acc7b2e09de2e42057136d1cbaf3eabde46c2463ef00144303ef"
    },
    "/Users/ruichen/Documents/ITRI/4DMetaverse/4DMetaverse_Admin_SDK/src/auth/index.ts": {
        "path": "/Users/ruichen/Documents/ITRI/4DMetaverse/4DMetaverse_Admin_SDK/src/auth/index.ts",
        "statementMap": {
            "0": {
                "start": {
                    "line": 2,
                    "column": 0
                },
                "end": {
                    "line": 2,
                    "column": 62
                }
            },
            "1": {
                "start": {
                    "line": 3,
                    "column": 0
                },
                "end": {
                    "line": 3,
                    "column": 40
                }
            },
            "2": {
                "start": {
                    "line": 4,
                    "column": 14
                },
                "end": {
                    "line": 4,
                    "column": 31
                }
            },
            "3": {
                "start": {
                    "line": 5,
                    "column": 15
                },
                "end": {
                    "line": 5,
                    "column": 32
                }
            },
            "4": {
                "start": {
                    "line": 6,
                    "column": 0
                },
                "end": {
                    "line": 6,
                    "column": 103
                }
            },
            "5": {
                "start": {
                    "line": 6,
                    "column": 78
                },
                "end": {
                    "line": 6,
                    "column": 97
                }
            },
            "6": {
                "start": {
                    "line": 7,
                    "column": 16
                },
                "end": {
                    "line": 10,
                    "column": 1
                }
            },
            "7": {
                "start": {
                    "line": 8,
                    "column": 16
                },
                "end": {
                    "line": 8,
                    "column": 35
                }
            },
            "8": {
                "start": {
                    "line": 9,
                    "column": 4
                },
                "end": {
                    "line": 9,
                    "column": 70
                }
            },
            "9": {
                "start": {
                    "line": 9,
                    "column": 48
                },
                "end": {
                    "line": 9,
                    "column": 68
                }
            },
            "10": {
                "start": {
                    "line": 11,
                    "column": 0
                },
                "end": {
                    "line": 11,
                    "column": 26
                }
            }
        },
        "fnMap": {
            "0": {
                "name": "(anonymous_0)",
                "decl": {
                    "start": {
                        "line": 6,
                        "column": 64
                    },
                    "end": {
                        "line": 6,
                        "column": 65
                    }
                },
                "loc": {
                    "start": {
                        "line": 6,
                        "column": 76
                    },
                    "end": {
                        "line": 6,
                        "column": 99
                    }
                },
                "line": 6
            },
            "1": {
                "name": "(anonymous_1)",
                "decl": {
                    "start": {
                        "line": 7,
                        "column": 16
                    },
                    "end": {
                        "line": 7,
                        "column": 17
                    }
                },
                "loc": {
                    "start": {
                        "line": 7,
                        "column": 22
                    },
                    "end": {
                        "line": 10,
                        "column": 1
                    }
                },
                "line": 7
            },
            "2": {
                "name": "(anonymous_2)",
                "decl": {
                    "start": {
                        "line": 9,
                        "column": 39
                    },
                    "end": {
                        "line": 9,
                        "column": 40
                    }
                },
                "loc": {
                    "start": {
                        "line": 9,
                        "column": 48
                    },
                    "end": {
                        "line": 9,
                        "column": 68
                    }
                },
                "line": 9
            }
        },
        "branchMap": {},
        "s": {
            "0": 1,
            "1": 1,
            "2": 1,
            "3": 1,
            "4": 1,
            "5": 10,
            "6": 1,
            "7": 0,
            "8": 0,
            "9": 0,
            "10": 1
        },
        "f": {
            "0": 10,
            "1": 0,
            "2": 0
        },
        "b": {},
        "inputSourceMap": {
            "version": 3,
            "file": "/Users/ruichen/Documents/ITRI/4DMetaverse/4DMetaverse_Admin_SDK/src/auth/index.ts",
            "sources": [
                "/Users/ruichen/Documents/ITRI/4DMetaverse/4DMetaverse_Admin_SDK/src/auth/index.ts"
            ],
            "names": [],
            "mappings": ";;;AAAA,gCAAgC;AAChC,iCAA8B;AAOrB,qFAPA,WAAI,OAOA;AALN,MAAM,OAAO,GAAG,GAAS,EAAE;IAC9B,MAAM,GAAG,GAAG,IAAA,YAAM,GAAE,CAAC;IACrB,OAAO,GAAG,CAAC,eAAe,CAAC,MAAM,EAAE,CAAC,GAAG,EAAE,EAAE,CAAC,IAAI,WAAI,CAAC,GAAG,CAAC,CAAC,CAAC;AAC/D,CAAC,CAAA;AAHY,QAAA,OAAO,WAGnB",
            "sourcesContent": [
                "import { getApp } from '../app';\nimport { Auth } from './auth';\n\nexport const getAuth = (): Auth => {\n    const app = getApp();\n    return app.getOrInitialize('auth', (app) => new Auth(app));\n}\n\nexport { Auth };"
            ]
        },
        "_coverageSchema": "1a1c01bbd47fc00a2c39e90264f33305004495a9",
        "hash": "543972edf7456f87df0960dc101d8b2b3efb7e81",
        "contentHash": "24708751430216892b7e79f482f9973d812ea94d399797f040dedcde66edb574"
    },
    "/Users/ruichen/Documents/ITRI/4DMetaverse/4DMetaverse_Admin_SDK/src/auth/auth.ts": {
        "path": "/Users/ruichen/Documents/ITRI/4DMetaverse/4DMetaverse_Admin_SDK/src/auth/auth.ts",
        "statementMap": {
            "0": {
                "start": {
                    "line": 2,
                    "column": 0
                },
                "end": {
                    "line": 2,
                    "column": 62
                }
            },
            "1": {
                "start": {
                    "line": 3,
                    "column": 0
                },
                "end": {
                    "line": 3,
                    "column": 22
                }
            },
            "2": {
                "start": {
                    "line": 4,
                    "column": 20
                },
                "end": {
                    "line": 4,
                    "column": 40
                }
            },
            "3": {
                "start": {
                    "line": 5,
                    "column": 14
                },
                "end": {
                    "line": 5,
                    "column": 31
                }
            },
            "4": {
                "start": {
                    "line": 6,
                    "column": 30
                },
                "end": {
                    "line": 6,
                    "column": 73
                }
            },
            "5": {
                "start": {
                    "line": 9,
                    "column": 8
                },
                "end": {
                    "line": 9,
                    "column": 39
                }
            },
            "6": {
                "start": {
                    "line": 10,
                    "column": 8
                },
                "end": {
                    "line": 10,
                    "column": 38
                }
            },
            "7": {
                "start": {
                    "line": 11,
                    "column": 8
                },
                "end": {
                    "line": 11,
                    "column": 42
                }
            },
            "8": {
                "start": {
                    "line": 12,
                    "column": 8
                },
                "end": {
                    "line": 12,
                    "column": 24
                }
            },
            "9": {
                "start": {
                    "line": 15,
                    "column": 8
                },
                "end": {
                    "line": 15,
                    "column": 33
                }
            },
            "10": {
                "start": {
                    "line": 18,
                    "column": 8
                },
                "end": {
                    "line": 18,
                    "column": 37
                }
            },
            "11": {
                "start": {
                    "line": 21,
                    "column": 8
                },
                "end": {
                    "line": 26,
                    "column": 9
                }
            },
            "12": {
                "start": {
                    "line": 22,
                    "column": 12
                },
                "end": {
                    "line": 22,
                    "column": 53
                }
            },
            "13": {
                "start": {
                    "line": 25,
                    "column": 12
                },
                "end": {
                    "line": 25,
                    "column": 57
                }
            },
            "14": {
                "start": {
                    "line": 27,
                    "column": 8
                },
                "end": {
                    "line": 27,
                    "column": 35
                }
            },
            "15": {
                "start": {
                    "line": 30,
                    "column": 8
                },
                "end": {
                    "line": 35,
                    "column": 9
                }
            },
            "16": {
                "start": {
                    "line": 31,
                    "column": 12
                },
                "end": {
                    "line": 31,
                    "column": 46
                }
            },
            "17": {
                "start": {
                    "line": 34,
                    "column": 12
                },
                "end": {
                    "line": 34,
                    "column": 95
                }
            },
            "18": {
                "start": {
                    "line": 36,
                    "column": 8
                },
                "end": {
                    "line": 36,
                    "column": 34
                }
            },
            "19": {
                "start": {
                    "line": 39,
                    "column": 29
                },
                "end": {
                    "line": 39,
                    "column": 66
                }
            },
            "20": {
                "start": {
                    "line": 40,
                    "column": 8
                },
                "end": {
                    "line": 41,
                    "column": 19
                }
            },
            "21": {
                "start": {
                    "line": 41,
                    "column": 12
                },
                "end": {
                    "line": 41,
                    "column": 19
                }
            },
            "22": {
                "start": {
                    "line": 42,
                    "column": 8
                },
                "end": {
                    "line": 42,
                    "column": 42
                }
            },
            "23": {
                "start": {
                    "line": 43,
                    "column": 8
                },
                "end": {
                    "line": 46,
                    "column": 21
                }
            },
            "24": {
                "start": {
                    "line": 44,
                    "column": 12
                },
                "end": {
                    "line": 44,
                    "column": 41
                }
            },
            "25": {
                "start": {
                    "line": 49,
                    "column": 20
                },
                "end": {
                    "line": 53,
                    "column": 10
                }
            },
            "26": {
                "start": {
                    "line": 54,
                    "column": 8
                },
                "end": {
                    "line": 56,
                    "column": 9
                }
            },
            "27": {
                "start": {
                    "line": 55,
                    "column": 12
                },
                "end": {
                    "line": 55,
                    "column": 101
                }
            },
            "28": {
                "start": {
                    "line": 57,
                    "column": 21
                },
                "end": {
                    "line": 57,
                    "column": 37
                }
            },
            "29": {
                "start": {
                    "line": 58,
                    "column": 8
                },
                "end": {
                    "line": 60,
                    "column": 9
                }
            },
            "30": {
                "start": {
                    "line": 59,
                    "column": 12
                },
                "end": {
                    "line": 59,
                    "column": 24
                }
            },
            "31": {
                "start": {
                    "line": 61,
                    "column": 8
                },
                "end": {
                    "line": 61,
                    "column": 49
                }
            },
            "32": {
                "start": {
                    "line": 62,
                    "column": 8
                },
                "end": {
                    "line": 62,
                    "column": 47
                }
            },
            "33": {
                "start": {
                    "line": 63,
                    "column": 8
                },
                "end": {
                    "line": 63,
                    "column": 25
                }
            },
            "34": {
                "start": {
                    "line": 66,
                    "column": 20
                },
                "end": {
                    "line": 70,
                    "column": 10
                }
            },
            "35": {
                "start": {
                    "line": 71,
                    "column": 8
                },
                "end": {
                    "line": 73,
                    "column": 9
                }
            },
            "36": {
                "start": {
                    "line": 72,
                    "column": 12
                },
                "end": {
                    "line": 72,
                    "column": 100
                }
            },
            "37": {
                "start": {
                    "line": 76,
                    "column": 20
                },
                "end": {
                    "line": 80,
                    "column": 10
                }
            },
            "38": {
                "start": {
                    "line": 81,
                    "column": 8
                },
                "end": {
                    "line": 83,
                    "column": 9
                }
            },
            "39": {
                "start": {
                    "line": 82,
                    "column": 12
                },
                "end": {
                    "line": 82,
                    "column": 95
                }
            },
            "40": {
                "start": {
                    "line": 84,
                    "column": 21
                },
                "end": {
                    "line": 84,
                    "column": 37
                }
            },
            "41": {
                "start": {
                    "line": 85,
                    "column": 8
                },
                "end": {
                    "line": 85,
                    "column": 49
                }
            },
            "42": {
                "start": {
                    "line": 86,
                    "column": 8
                },
                "end": {
                    "line": 86,
                    "column": 47
                }
            },
            "43": {
                "start": {
                    "line": 89,
                    "column": 8
                },
                "end": {
                    "line": 93,
                    "column": 11
                }
            },
            "44": {
                "start": {
                    "line": 94,
                    "column": 8
                },
                "end": {
                    "line": 94,
                    "column": 38
                }
            },
            "45": {
                "start": {
                    "line": 95,
                    "column": 8
                },
                "end": {
                    "line": 95,
                    "column": 37
                }
            },
            "46": {
                "start": {
                    "line": 96,
                    "column": 8
                },
                "end": {
                    "line": 96,
                    "column": 29
                }
            },
            "47": {
                "start": {
                    "line": 99,
                    "column": 8
                },
                "end": {
                    "line": 100,
                    "column": 77
                }
            },
            "48": {
                "start": {
                    "line": 100,
                    "column": 12
                },
                "end": {
                    "line": 100,
                    "column": 77
                }
            },
            "49": {
                "start": {
                    "line": 101,
                    "column": 20
                },
                "end": {
                    "line": 105,
                    "column": 10
                }
            },
            "50": {
                "start": {
                    "line": 106,
                    "column": 8
                },
                "end": {
                    "line": 111,
                    "column": 9
                }
            },
            "51": {
                "start": {
                    "line": 107,
                    "column": 12
                },
                "end": {
                    "line": 107,
                    "column": 42
                }
            },
            "52": {
                "start": {
                    "line": 108,
                    "column": 12
                },
                "end": {
                    "line": 108,
                    "column": 41
                }
            },
            "53": {
                "start": {
                    "line": 109,
                    "column": 12
                },
                "end": {
                    "line": 109,
                    "column": 33
                }
            },
[...]
                    },
                    {
                        "start": {
                            "line": 39,
                            "column": 8
                        },
                        "end": {
                            "line": 40,
                            "column": 40
                        }
                    }
                ],
                "line": 39
            },
            "5": {
                "loc": {
                    "start": {
                        "line": 59,
                        "column": 8
                    },
                    "end": {
                        "line": 61,
                        "column": 9
                    }
                },
                "type": "if",
                "locations": [
                    {
                        "start": {
                            "line": 59,
                            "column": 8
                        },
                        "end": {
                            "line": 61,
                            "column": 9
                        }
                    },
                    {
                        "start": {
                            "line": 59,
                            "column": 8
                        },
                        "end": {
                            "line": 61,
                            "column": 9
                        }
                    }
                ],
                "line": 59
            },
            "6": {
                "loc": {
                    "start": {
                        "line": 72,
                        "column": 8
                    },
                    "end": {
                        "line": 74,
                        "column": 9
                    }
                },
                "type": "if",
                "locations": [
                    {
                        "start": {
                            "line": 72,
                            "column": 8
                        },
                        "end": {
                            "line": 74,
                            "column": 9
                        }
                    },
                    {
                        "start": {
                            "line": 72,
                            "column": 8
                        },
                        "end": {
                            "line": 74,
                            "column": 9
                        }
                    }
                ],
                "line": 72
            },
            "7": {
                "loc": {
                    "start": {
                        "line": 86,
                        "column": 8
                    },
                    "end": {
                        "line": 88,
                        "column": 9
                    }
                },
                "type": "if",
                "locations": [
                    {
                        "start": {
                            "line": 86,
                            "column": 8
                        },
                        "end": {
                            "line": 88,
                            "column": 9
                        }
                    },
                    {
                        "start": {
                            "line": 86,
                            "column": 8
                        },
                        "end": {
                            "line": 88,
                            "column": 9
                        }
                    }
                ],
                "line": 86
            }
        },
        "s": {
            "0": 1,
            "1": 1,
            "2": 1,
            "3": 1,
            "4": 6,
            "5": 6,
            "6": 6,
            "7": 3,
            "8": 3,
            "9": 3,
            "10": 3,
            "11": 3,
            "12": 3,
            "13": 3,
            "14": 3,
            "15": 3,
            "16": 3,
            "17": 3,
            "18": 3,
            "19": 3,
            "20": 3,
            "21": 3,
            "22": 3,
            "23": 3,
            "24": 3,
            "25": 3,
            "26": 2,
            "27": 2,
            "28": 1,
            "29": 1,
            "30": 2,
            "31": 2,
            "32": 1,
            "33": 1,
            "34": 1,
            "35": 2,
            "36": 2,
            "37": 1,
            "38": 1,
            "39": 1,
            "40": 1
        },
        "f": {
            "0": 6,
            "1": 3,
            "2": 3,
            "3": 3,
            "4": 3,
            "5": 3,
            "6": 2,
            "7": 2,
            "8": 2
        },
        "b": {
            "0": [
                3,
                0
            ],
            "1": [
                3,
                0
            ],
            "2": [
                3,
                0
            ],
            "3": [
                3,
                3
            ],
            "4": [
                3,
                0
            ],
            "5": [
                1,
                1
            ],
            "6": [
                1,
                1
            ],
            "7": [
                1,
                1
            ]
        },
        "inputSourceMap": {
            "version": 3,
            "file": "/Users/ruichen/Documents/ITRI/4DMetaverse/4DMetaverse_Admin_SDK/src/database/query.ts",
            "sources": [
                "/Users/ruichen/Documents/ITRI/4DMetaverse/4DMetaverse_Admin_SDK/src/database/query.ts"
            ],
            "names": [],
            "mappings": ";;;AAAA,gCAAyC;AACzC,0EAAiE;AA2BjE,MAAa,KAAK;IAId,YAAY,GAAQ,EAAE,KAAa;QAF1B,cAAS,GAA2B,EAAE,CAAC;QAG5C,IAAI,CAAC,IAAI,GAAG,GAAG,CAAC;QAChB,IAAI,CAAC,SAAS,CAAC,OAAO,CAAC,GAAG,KAAK,CAAC;IACpC,CAAC;IAEM,IAAI,CAAC,GAAG,MAAgB;QAC3B,IAAI,CAAC,SAAS,CAAC,IAAI,GAAG,MAAM,CAAC;QAC7B,OAAO,IAAI,CAAC;IAChB,CAAC;IAEM,IAAI,CAAC,IAAY,EAAE,KAAa;QACnC,IAAI,IAAI,CAAC,SAAS,CAAC,IAAI,KAAK,SAAS;YACjC,IAAI,CAAC,SAAS,CAAC,IAAI,GAAG,EAAE,CAAC;QAE7B,IAAI,CAAC,SAAS,CAAC,IAAI,CAAC,IAAI,CAAC;YACrB,IAAI,EAAE,IAAI;YACV,KAAK,EAAE,KAAK;SACf,CAAC,CAAC;QACH,OAAO,IAAI,CAAC;IAChB,CAAC;IAEM,KAAK,CAAC,IAAY,EAAE,EAAW,EAAE,KAA6C;QACjF,IAAI,IAAI,CAAC,SAAS,CAAC,KAAK,KAAK,SAAS;YAClC,IAAI,CAAC,SAAS,CAAC,KAAK,GAAG,EAAE,CAAC;QAE9B,IAAI,KAAK,GAA2B;YAChC,IAAI,EAAE,IAAI;YACV,EAAE,EAAE,EAAE;SACT,CAAA;QACD,IAAI,EAAE,KAAK,aAAa,IAAI,EAAE,KAAK,SAAS,EAAE;YAC1C,KAAK,CAAC,KAAK,GAAG,KAAK,CAAC;SACvB;QACD,IAAI,CAAC,SAAS,CAAC,KAAK,CAAC,IAAI,CAAC,KAAK,CAAC,CAAC;QACjC,OAAO,IAAI,CAAC;IAChB,CAAC;IAEM,OAAO,CAAC,MAAc,EAAE,SAAyB;QACpD,IAAI,IAAI,CAAC,SAAS,CAAC,OAAO,KAAK,SAAS;YACpC,IAAI,CAAC,SAAS,CAAC,OAAO,GAAG,EAAE,CAAC;QAEhC,IAAI,CAAC,SAAS,CAAC,OAAO,CAAC,IAAI,CAAC;YACxB,MAAM,EAAE,MAAM;YACd,SAAS,EAAE,SAAS;SACvB,CAAC,CAAC;QACH,OAAO,IAAI,CAAC;IAChB,CAAC;IAEM,KAAK,CAAC,KAAa,EAAE,KAAa;QACrC,IAAI,CAAC,SAAS,CAAC,KAAK,GAAG,CAAC,KAAK,EAAE,KAAK,CAAC,CAAC;QACtC,OAAO,IAAI,CAAC;IAChB,CAAC;IAEM,KAAK,CAAC,GAAG;QACZ,MAAM,GAAG,GAAG,MAAM,IAAI,CAAC,IAAI,CAAC,OAAO,CAAC;YAChC,GAAG,EAAE,iBAAiB;YACtB,MAAM,EAAE,MAAM;YACd,IAAI,EAAE,IAAI,CAAC,SAAS,CAAC,IAAI,CAAC,SAAS,CAAC;YACpC,IAAI,EAAE,IAAI;YACV,IAAI,EAAE,gBAAU,CAAC,QAAQ;SAC5B,CAAC,CAAC;QACH,IAAI,CAAC,GAAG,CAAC,EAAE,EAAE;YACT,MAAM,IAAI,6BAAiB,CAAC,wBAAwB,GAAG,CAAC,MAAM,EAAE,CAAC,CAAC;SACrE;QACD,OAAO,MAAM,GAAG,CAAC,IAAI,EAAE,CAAC;IAC5B,CAAC;IAEM,KAAK,CAAC,KAAK;QACd,MAAM,GAAG,GAAG,MAAM,IAAI,CAAC,IAAI,CAAC,OAAO,CAAC;YAChC,GAAG,EAAE,uBAAuB;YAC5B,MAAM,EAAE,MAAM;YACd,IAAI,EAAE,IAAI,CAAC,SAAS,CAAC,IAAI,CAAC,SAAS,CAAC;YACpC,IAAI,EAAE,IAAI;YACV,IAAI,EAAE,gBAAU,CAAC,QAAQ;SAC5B,CAAC,CAAC;QACH,IAAI,CAAC,GAAG,CAAC,EAAE,EAAE;YACT,MAAM,IAAI,6BAAiB,CAAC,8BAA8B,GAAG,CAAC,MAAM,EAAE,CAAC,CAAC;SAC3E;QACD,MAAM,IAAI,GAAG,MAAM,GAAG,CAAC,IAAI,EAAE,CAAC;QAC9B,OAAO,IAAI,CAAC,OAAO,CAAC,CAAC;IACzB,CAAC;IAEM,KAAK,CAAC,GAAG;QACZ,MAAM,GAAG,GAAG,MAAM,IAAI,CAAC,IAAI,CAAC,OAAO,CAAC;YAChC,GAAG,EAAE,qBAAqB;YAC1B,MAAM,EAAE,MAAM;YACd,IAAI,EAAE,IAAI,CAAC,SAAS,CAAC,IAAI,CAAC,SAAS,CAAC;YACpC,IAAI,EAAE,IAAI;YACV,IAAI,EAAE,gBAAU,CAAC,QAAQ;SAC5B,CAAC,CAAC;QACH,IAAI,CAAC,GAAG,CAAC,EAAE,EAAE;YACT,MAAM,IAAI,6BAAiB,CAAC,4BAA4B,GAAG,CAAC,MAAM,EAAE,CAAC,CAAC;SACzE;QACD,MAAM,IAAI,GAAG,MAAM,GAAG,CAAC,IAAI,EAAE,CAAC;QAC9B,OAAO,IAAI,CAAC,KAAK,CAAC,CAAC;IACvB,CAAC;CACJ;AAnGD,sBAmGC",
            "sourcesContent": [
                "import { App, EAuthLevel } from '../app';\nimport AdminSDKException from '../exception/admin-sdk-exception';\n\ntype WhereOp =\n    | '<'\n    | '<='\n    | '='\n    | '!='\n    | '>='\n    | '>'\n    | 'LIKE'\n    | 'IN'\n    | 'NOT IN'\n    | 'IS NULL'\n    | 'IS NOT NULL';\n\ntype OrderDirection =\n    | 'asc'\n    | 'desc'\n    | 'ASC'\n    | 'DESC';\n\nexport interface IQueryResult {\n    queryCount: number;\n    totalCount: number;\n    data: any[];\n}\n\nexport class Query {\n    private _app: App;\n    readonly queryJson: { [key: string]: any } = {};\n\n    constructor(app: App, query: string) {\n        this._app = app;\n        this.queryJson['query'] = query;\n    }\n\n    public with(...tables: string[]): Query {\n        this.queryJson.with = tables;\n        return this;\n    }\n\n    public link(left: string, right: string): Query {\n        if (this.queryJson.link === undefined)\n            this.queryJson.link = [];\n\n        this.queryJson.link.push({\n            left: left,\n            right: right\n        });\n        return this;\n    }\n\n    public where(left: string, op: WhereOp, right?: string | string[] | number | number[]): Query {\n        if (this.queryJson.where === undefined)\n            this.queryJson.where = [];\n\n        let where: { [key: string]: any } = {\n            left: left,\n            op: op,\n        }\n        if (op !== \"IS NOT NULL\" && op !== \"IS NULL\") {\n            where.right = right;\n        }\n        this.queryJson.where.push(where);\n        return this;\n    }\n\n    public orderBy(column: string, direction: OrderDirection): Query {\n        if (this.queryJson.orderBy === undefined)\n            this.queryJson.orderBy = [];\n\n        this.queryJson.orderBy.push({\n            column: column,\n            direction: direction\n        });\n        return this;\n    }\n\n    public limit(lower: number, upper: number): Query {\n        this.queryJson.limit = [lower, upper];\n        return this;\n    }\n\n    public async get(): Promise<IQueryResult> {\n        const res = await this._app.callApi({\n            url: `{baseUrl}/query`,\n            method: 'POST',\n            body: JSON.stringify(this.queryJson),\n            json: true,\n            auth: EAuthLevel.Optional,\n        });\n        if (!res.ok) {\n            throw new AdminSDKException(`Query fail: response ${res.status}`);\n        }\n        return await res.json();\n    }\n\n    public async count(): Promise<number> {\n        const res = await this._app.callApi({\n            url: `{baseUrl}/query/count`,\n            method: 'POST',\n            body: JSON.stringify(this.queryJson),\n            json: true,\n            auth: EAuthLevel.Optional,\n        });\n        if (!res.ok) {\n            throw new AdminSDKException(`Query count fail: response ${res.status}`);\n        }\n        const data = await res.json();\n        return data['count'];\n    }\n\n    public async sum(): Promise<number> {\n        const res = await this._app.callApi({\n            url: `{baseUrl}/query/sum`,\n            method: 'POST',\n            body: JSON.stringify(this.queryJson),\n            json: true,\n            auth: EAuthLevel.Optional,\n        });\n        if (!res.ok) {\n            throw new AdminSDKException(`Query sum fail: response ${res.status}`);\n        }\n        const data = await res.json();\n        return data['sum'];\n    }\n}\n"
            ]
        },
        "_coverageSchema": "1a1c01bbd47fc00a2c39e90264f33305004495a9",
        "hash": "e33aa5f8c856e0fdd58d5120b1b56008a6738f33",
        "contentHash": "39685cb7b912b08f94d8f1fdae07c645031baca22229eedfb53dd4ffd4d63f83"
    },
    "/Users/ruichen/Documents/ITRI/4DMetaverse/4DMetaverse_Admin_SDK/src/database/raw-query.ts": {
        "path": "/Users/ruichen/Documents/ITRI/4DMetaverse/4DMetaverse_Admin_SDK/src/database/raw-query.ts",
        "statementMap": {
            "0": {
                "start": {
                    "line": 2,
                    "column": 0
                },
                "end": {
                    "line": 2,
                    "column": 62
                }
            },
            "1": {
                "start": {
                    "line": 3,
                    "column": 0
                },
                "end": {
                    "line": 3,
                    "column": 26
                }
            },
            "2": {
                "start": {
                    "line": 4,
                    "column": 14
                },
                "end": {
                    "line": 4,
                    "column": 31
                }
            },
            "3": {
                "start": {
                    "line": 5,
                    "column": 30
                },
                "end": {
                    "line": 5,
                    "column": 73
                }
            },
            "4": {
                "start": {
                    "line": 8,
                    "column": 8
                },
                "end": {
                    "line": 8,
                    "column": 24
                }
            },
            "5": {
                "start": {
                    "line": 9,
                    "column": 8
                },
                "end": {
                    "line": 9,
                    "column": 23
                }
            },
            "6": {
                "start": {
                    "line": 12,
                    "column": 20
                },
                "end": {
                    "line": 18,
                    "column": 10
                }
            },
            "7": {
                "start": {
                    "line": 19,
                    "column": 8
                },
                "end": {
                    "line": 21,
                    "column": 9
                }
            },
            "8": {
                "start": {
                    "line": 20,
                    "column": 12
                },
                "end": {
                    "line": 20,
                    "column": 94
                }
            },
            "9": {
                "start": {
                    "line": 22,
                    "column": 8
                },
                "end": {
                    "line": 22,
                    "column": 32
                }
            },
            "10": {
                "start": {
                    "line": 25,
                    "column": 0
                },
                "end": {
                    "line": 25,
                    "column": 28
                }
            }
        },
        "fnMap": {
            "0": {
                "name": "(anonymous_0)",
                "decl": {
                    "start": {
                        "line": 7,
                        "column": 4
                    },
                    "end": {
                        "line": 7,
                        "column": 5
                    }
                },
                "loc": {
                    "start": {
                        "line": 7,
                        "column": 26
                    },
                    "end": {
                        "line": 10,
                        "column": 5
                    }
                },
                "line": 7
            },
            "1": {
                "name": "(anonymous_1)",
                "decl": {
                    "start": {
                        "line": 11,
                        "column": 4
                    },
                    "end": {
                        "line": 11,
                        "column": 5
                    }
                },
                "loc": {
                    "start": {
                        "line": 11,
                        "column": 16
                    },
                    "end": {
                        "line": 23,
                        "column": 5
                    }
                },
                "line": 11
            }
        },
        "branchMap": {
            "0": {
                "loc": {
                    "start": {
                        "line": 19,
                        "column": 8
                    },
                    "end": {
                        "line": 21,
                        "column": 9
                    }
                },
                "type": "if",
                "locations": [
                    {
                        "start": {
                            "line": 19,
                            "column": 8
                        },
                        "end": {
                            "line": 21,
                            "column": 9
                        }
                    },
                    {
                        "start": {
                            "line": 19,
                            "column": 8
                        },
                        "end": {
                            "line": 21,
                            "column": 9
                        }
                    }
                ],
                "line": 19
            }
        },
        "s": {
            "0": 1,
            "1": 1,
            "2": 1,
            "3": 1,
            "4": 0,
            "5": 0,
            "6": 0,
            "7": 0,
            "8": 0,
            "9": 0,
            "10": 1
        },
        "f": {
            "0": 0,
            "1": 0
        },
        "b": {
            "0": [
                0,
                0
            ]
        },
        "inputSourceMap": {
            "version": 3,
            "file": "/Users/ruichen/Documents/ITRI/4DMetaverse/4DMetaverse_Admin_SDK/src/database/raw-query.ts",
            "sources": [
                "/Users/ruichen/Documents/ITRI/4DMetaverse/4DMetaverse_Admin_SDK/src/database/raw-query.ts"
            ],
            "names": [],
            "mappings": ";;;AAAA,gCAAyC;AACzC,0EAAiE;AAEjE,MAAa,QAAQ;IAIjB,YAAY,GAAQ,EAAE,GAAW;QAC7B,IAAI,CAAC,IAAI,GAAG,GAAG,CAAC;QAChB,IAAI,CAAC,GAAG,GAAG,GAAG,CAAC;IACnB,CAAC;IAEM,KAAK,CAAC,GAAG;QACZ,MAAM,GAAG,GAAG,MAAM,IAAI,CAAC,IAAI,CAAC,OAAO,CAAC;YAChC,GAAG,EAAE,qBAAqB;YAC1B,MAAM,EAAE,MAAM;YACd,IAAI,EAAE,WAAW,IAAI,CAAC,GAAG,IAAI;YAC7B,IAAI,EAAE,IAAI;YACV,IAAI,EAAE,gBAAU,CAAC,OAAO;SAC3B,CAAC,CAAC;QACH,IAAI,CAAC,GAAG,CAAC,EAAE,EAAE;YACT,MAAM,IAAI,6BAAiB,CAAC,4BAA4B,GAAG,CAAC,MAAM,EAAE,CAAC,CAAC;SACzE;QACD,OAAO,MAAM,GAAG,CAAC,IAAI,EAAE,CAAC;IAC5B,CAAC;CACJ;AAtBD,4BAsBC",
            "sourcesContent": [
                "import { App, EAuthLevel } from '../app';\nimport AdminSDKException from '../exception/admin-sdk-exception';\n\nexport class RawQuery {\n    private _app: App;\n    readonly sql: string;\n\n    constructor(app: App, sql: string) {\n        this._app = app;\n        this.sql = sql;\n    }\n\n    public async get(): Promise<any[]> {\n        const res = await this._app.callApi({\n            url: `{baseUrl}/query/raw`,\n            method: 'POST',\n            body: `{\"sql\":\"${this.sql}\"}`,\n            json: true,\n            auth: EAuthLevel.Require,\n        });\n        if (!res.ok) {\n            throw new AdminSDKException(`Query raw fail: response ${res.status}`);\n        }\n        return await res.json();\n    }\n}"
            ]
        },
        "_coverageSchema": "1a1c01bbd47fc00a2c39e90264f33305004495a9",
        "hash": "504e297020e3c0fe0fe35813b70eeb95588ff24b",
        "contentHash": "27bcbdc837c0407dedc168183438972e70e1f02e22de6cfbd19f1c9e05105c27"
    }
}